<?xml version="1.0" encoding="UTF-8"?>
<testsuite name="io.proximax.core.crypto.ed25519.arithmetic.Ed25519EncodedFieldElementTest" tests="16" skipped="0" failures="0" errors="0" timestamp="2022-01-19T12:20:03" hostname="LAPTOP-A5KJ7JLN" time="0.592">
  <properties/>
  <testcase name="canBeCreatedFromByteArrayWithLengthSixtyFour()" classname="io.proximax.core.crypto.ed25519.arithmetic.Ed25519EncodedFieldElementTest" time="0.0"/>
  <testcase name="canBeCreatedFromByteArrayWithLengthThirtyTwo()" classname="io.proximax.core.crypto.ed25519.arithmetic.Ed25519EncodedFieldElementTest" time="0.0"/>
  <testcase name="encodeReturnsCorrectByteArray()" classname="io.proximax.core.crypto.ed25519.arithmetic.Ed25519EncodedFieldElementTest" time="0.387"/>
  <testcase name="isNonZeroReturnsTrueIfEncodedFieldElementIsNonZero()" classname="io.proximax.core.crypto.ed25519.arithmetic.Ed25519EncodedFieldElementTest" time="0.0"/>
  <testcase name="decodePlusEncodeDoesNotAlterTheEncodedFieldElement()" classname="io.proximax.core.crypto.ed25519.arithmetic.Ed25519EncodedFieldElementTest" time="0.005"/>
  <testcase name="encodeReturnsCorrectByteArrayForSimpleFieldElements()" classname="io.proximax.core.crypto.ed25519.arithmetic.Ed25519EncodedFieldElementTest" time="0.001"/>
  <testcase name="cannotBeCreatedFromArrayWithIncorrectLength()" classname="io.proximax.core.crypto.ed25519.arithmetic.Ed25519EncodedFieldElementTest" time="0.011"/>
  <testcase name="isNonZeroReturnsFalseIfEncodedFieldElementIsZero()" classname="io.proximax.core.crypto.ed25519.arithmetic.Ed25519EncodedFieldElementTest" time="0.001"/>
  <testcase name="getRawReturnsUnderlyingArray()" classname="io.proximax.core.crypto.ed25519.arithmetic.Ed25519EncodedFieldElementTest" time="0.002"/>
  <testcase name="toStringReturnsCorrectRepresentation()" classname="io.proximax.core.crypto.ed25519.arithmetic.Ed25519EncodedFieldElementTest" time="0.001"/>
  <testcase name="isNegativeReturnsCorrectResult()" classname="io.proximax.core.crypto.ed25519.arithmetic.Ed25519EncodedFieldElementTest" time="0.096"/>
  <testcase name="encodeReturnsCorrectByteArrayIfJthBitOfTiIsSetToOne()" classname="io.proximax.core.crypto.ed25519.arithmetic.Ed25519EncodedFieldElementTest" time="0.002"/>
  <testcase name="equalsOnlyReturnsTrueForEquivalentObjects()" classname="io.proximax.core.crypto.ed25519.arithmetic.Ed25519EncodedFieldElementTest" time="0.002"/>
  <testcase name="multiplyAndAddModQReturnsExpectedResult()" classname="io.proximax.core.crypto.ed25519.arithmetic.Ed25519EncodedFieldElementTest" time="0.045"/>
  <testcase name="hashCodesAreEqualForEquivalentObjects()" classname="io.proximax.core.crypto.ed25519.arithmetic.Ed25519EncodedFieldElementTest" time="0.001"/>
  <testcase name="modQReturnsExpectedResult()" classname="io.proximax.core.crypto.ed25519.arithmetic.Ed25519EncodedFieldElementTest" time="0.024"/>
  <system-out><![CDATA[]]></system-out>
  <system-err><![CDATA[]]></system-err>
</testsuite>
