<?xml version="1.0" encoding="UTF-8"?>
<testsuite name="io.proximax.sdk.model.transaction.builder.TransferTransactionBuilderTest" tests="4" skipped="0" failures="0" errors="0" timestamp="2022-01-19T12:20:15" hostname="LAPTOP-A5KJ7JLN" time="0.006">
  <properties/>
  <testcase name="testMosaicTransferWithMessage()" classname="io.proximax.sdk.model.transaction.builder.TransferTransactionBuilderTest" time="0.001"/>
  <testcase name="testEmptyTransferToRecipient()" classname="io.proximax.sdk.model.transaction.builder.TransferTransactionBuilderTest" time="0.001"/>
  <testcase name="testEmptyTransferToNamespace()" classname="io.proximax.sdk.model.transaction.builder.TransferTransactionBuilderTest" time="0.001"/>
  <testcase name="testEmptyTransferToAddress()" classname="io.proximax.sdk.model.transaction.builder.TransferTransactionBuilderTest" time="0.001"/>
  <system-out><![CDATA[]]></system-out>
  <system-err><![CDATA[]]></system-err>
</testsuite>
