<?xml version="1.0" encoding="UTF-8"?>
<testsuite name="io.proximax.core.utils.ByteUtilsTest" tests="23" skipped="0" failures="0" errors="0" timestamp="2022-01-19T12:20:12" hostname="LAPTOP-A5KJ7JLN" time="0.027">
  <properties/>
  <testcase name="conversionToIntFailsOnDataUnderflow()" classname="io.proximax.core.utils.ByteUtilsTest" time="0.001"/>
  <testcase name="isNegativeReturnsOneIfByteIsNegative()" classname="io.proximax.core.utils.ByteUtilsTest" time="0.001"/>
  <testcase name="isEqualReturnsOneIfLoBytesAreEqualButHiBytesAreNot()" classname="io.proximax.core.utils.ByteUtilsTest" time="0.0"/>
  <testcase name="isEqualReturnsZeroIfBytesAreNotEqual()" classname="io.proximax.core.utils.ByteUtilsTest" time="0.0"/>
  <testcase name="canRoundtripBytesViaLong()" classname="io.proximax.core.utils.ByteUtilsTest" time="0.0"/>
  <testcase name="canRoundtripLongViaBytes()" classname="io.proximax.core.utils.ByteUtilsTest" time="0.0"/>
  <testcase name="isEqualReturnsOneIfBytesAreEqual()" classname="io.proximax.core.utils.ByteUtilsTest" time="0.0"/>
  <testcase name="canConvertBytesToLongNegative()" classname="io.proximax.core.utils.ByteUtilsTest" time="0.001"/>
  <testcase name="canRoundtripBytesViaInt()" classname="io.proximax.core.utils.ByteUtilsTest" time="0.0"/>
  <testcase name="canConvertBytesToLong()" classname="io.proximax.core.utils.ByteUtilsTest" time="0.0"/>
  <testcase name="canConvertLongNegativeToBytes()" classname="io.proximax.core.utils.ByteUtilsTest" time="0.0"/>
  <testcase name="isNegativeReturnsZeroIfByteIsZeroOrPositive()" classname="io.proximax.core.utils.ByteUtilsTest" time="0.0"/>
  <testcase name="toStringCreatesCorrectRepresentationForEmptyBytes()" classname="io.proximax.core.utils.ByteUtilsTest" time="0.0"/>
  <testcase name="canConvertBytesToIntNegative()" classname="io.proximax.core.utils.ByteUtilsTest" time="0.001"/>
  <testcase name="canConvertIntNegativeToBytes()" classname="io.proximax.core.utils.ByteUtilsTest" time="0.0"/>
  <testcase name="canConvertIntToBytes()" classname="io.proximax.core.utils.ByteUtilsTest" time="0.001"/>
  <testcase name="conversionToLongIgnoresExcessiveData()" classname="io.proximax.core.utils.ByteUtilsTest" time="0.0"/>
  <testcase name="conversionToIntIgnoresExcessiveData()" classname="io.proximax.core.utils.ByteUtilsTest" time="0.0"/>
  <testcase name="canConvertLongToBytes()" classname="io.proximax.core.utils.ByteUtilsTest" time="0.002"/>
  <testcase name="toStringCreatesCorrectRepresentationForNonEmptyBytes()" classname="io.proximax.core.utils.ByteUtilsTest" time="0.001"/>
  <testcase name="canConvertBytesToInt()" classname="io.proximax.core.utils.ByteUtilsTest" time="0.002"/>
  <testcase name="canRoundtripIntViaBytes()" classname="io.proximax.core.utils.ByteUtilsTest" time="0.001"/>
  <testcase name="conversionToLongFailsOnDataUnderflow()" classname="io.proximax.core.utils.ByteUtilsTest" time="0.002"/>
  <system-out><![CDATA[]]></system-out>
  <system-err><![CDATA[]]></system-err>
</testsuite>
