<?xml version="1.0" encoding="UTF-8"?>
<testsuite name="io.proximax.sdk.model.blockchain.NodeInfoTest" tests="2" skipped="0" failures="0" errors="0" timestamp="2022-01-19T12:20:14" hostname="LAPTOP-A5KJ7JLN" time="0.006">
  <properties/>
  <testcase name="testFromDto()" classname="io.proximax.sdk.model.blockchain.NodeInfoTest" time="0.005"/>
  <testcase name="testConstructor()" classname="io.proximax.sdk.model.blockchain.NodeInfoTest" time="0.0"/>
  <system-out><![CDATA[]]></system-out>
  <system-err><![CDATA[]]></system-err>
</testsuite>
