<?xml version="1.0" encoding="UTF-8"?>
<testsuite name="io.proximax.sdk.model.transaction.builder.ModifyContractTransactionBuilderTest" tests="3" skipped="0" failures="0" errors="0" timestamp="2022-01-19T12:20:15" hostname="LAPTOP-A5KJ7JLN" time="0.011">
  <properties/>
  <testcase name="contractWithMods()" classname="io.proximax.sdk.model.transaction.builder.ModifyContractTransactionBuilderTest" time="0.008"/>
  <testcase name="contractInit()" classname="io.proximax.sdk.model.transaction.builder.ModifyContractTransactionBuilderTest" time="0.0"/>
  <testcase name="contractWithoutMods()" classname="io.proximax.sdk.model.transaction.builder.ModifyContractTransactionBuilderTest" time="0.001"/>
  <system-out><![CDATA[]]></system-out>
  <system-err><![CDATA[]]></system-err>
</testsuite>
