<?xml version="1.0" encoding="UTF-8"?>
<testsuite name="io.proximax.core.crypto.PublicKeyTest" tests="6" skipped="0" failures="0" errors="0" timestamp="2022-01-19T12:20:11" hostname="LAPTOP-A5KJ7JLN" time="0.007">
  <properties/>
  <testcase name="canCreateFromBytes()" classname="io.proximax.core.crypto.PublicKeyTest" time="0.0"/>
  <testcase name="canCreateFromHexString()" classname="io.proximax.core.crypto.PublicKeyTest" time="0.001"/>
  <testcase name="equalsOnlyReturnsTrueForEquivalentObjects()" classname="io.proximax.core.crypto.PublicKeyTest" time="0.001"/>
  <testcase name="cannotCreateAroundMalformedHexString()" classname="io.proximax.core.crypto.PublicKeyTest" time="0.002"/>
  <testcase name="toStringReturnsHexRepresentation()" classname="io.proximax.core.crypto.PublicKeyTest" time="0.001"/>
  <testcase name="hashCodesAreEqualForEquivalentObjects()" classname="io.proximax.core.crypto.PublicKeyTest" time="0.001"/>
  <system-out><![CDATA[]]></system-out>
  <system-err><![CDATA[]]></system-err>
</testsuite>
