<?xml version="1.0" encoding="UTF-8"?>
<testsuite name="io.proximax.sdk.model.account.AccountTest" tests="8" skipped="0" failures="0" errors="0" timestamp="2022-01-19T12:20:13" hostname="LAPTOP-A5KJ7JLN" time="0.085">
  <properties/>
  <testcase name="shouldCreateAccountViaConstructor()" classname="io.proximax.sdk.model.account.AccountTest" time="0.003"/>
  <testcase name="generateNewAccountTest()" classname="io.proximax.sdk.model.account.AccountTest" time="0.005"/>
  <testcase name="shouldAcceptKeyPairAsConstructor()" classname="io.proximax.sdk.model.account.AccountTest" time="0.001"/>
  <testcase name="shouldSignTransaction()" classname="io.proximax.sdk.model.account.AccountTest" time="0.037"/>
  <testcase name="shouldCreateAccountViaStaticConstructor()" classname="io.proximax.sdk.model.account.AccountTest" time="0.001"/>
  <testcase name="shouldCreateAccountViaStaticConstructor2()" classname="io.proximax.sdk.model.account.AccountTest" time="0.03"/>
  <testcase name="shouldCreateAccountViaStaticConstructor3()" classname="io.proximax.sdk.model.account.AccountTest" time="0.001"/>
  <testcase name="checkToString()" classname="io.proximax.sdk.model.account.AccountTest" time="0.003"/>
  <system-out><![CDATA[]]></system-out>
  <system-err><![CDATA[]]></system-err>
</testsuite>
