<?xml version="1.0" encoding="UTF-8"?>
<testsuite name="io.proximax.sdk.model.transaction.builder.LockFundsTransactionBuilderTest" tests="3" skipped="0" failures="0" errors="0" timestamp="2022-01-19T12:20:15" hostname="LAPTOP-A5KJ7JLN" time="0.007">
  <properties/>
  <testcase name="testForAggregateFac()" classname="io.proximax.sdk.model.transaction.builder.LockFundsTransactionBuilderTest" time="0.005"/>
  <testcase name="testForAggregate()" classname="io.proximax.sdk.model.transaction.builder.LockFundsTransactionBuilderTest" time="0.001"/>
  <testcase name="testAggregate()" classname="io.proximax.sdk.model.transaction.builder.LockFundsTransactionBuilderTest" time="0.001"/>
  <system-out><![CDATA[]]></system-out>
  <system-err><![CDATA[]]></system-err>
</testsuite>
