<?xml version="1.0" encoding="UTF-8"?>
<testsuite name="io.proximax.sdk.infrastructure.listener.ListenerChannelTest" tests="2" skipped="0" failures="0" errors="0" timestamp="2022-01-19T12:20:13" hostname="LAPTOP-A5KJ7JLN" time="0.003">
  <properties/>
  <testcase name="checkRawValue()" classname="io.proximax.sdk.infrastructure.listener.ListenerChannelTest" time="0.002"/>
  <testcase name="checkCode()" classname="io.proximax.sdk.infrastructure.listener.ListenerChannelTest" time="0.001"/>
  <system-out><![CDATA[]]></system-out>
  <system-err><![CDATA[]]></system-err>
</testsuite>
