<?xml version="1.0" encoding="UTF-8"?>
<testsuite name="io.proximax.sdk.infrastructure.MetadataQueryParamTest" tests="2" skipped="0" failures="0" errors="0" timestamp="2022-01-19T12:20:13" hostname="LAPTOP-A5KJ7JLN" time="0.059">
  <properties/>
  <testcase name="urlIsOK()" classname="io.proximax.sdk.infrastructure.MetadataQueryParamTest" time="0.057"/>
  <testcase name="shouldCreateMetadataQueryParamTestViaCostructor()" classname="io.proximax.sdk.infrastructure.MetadataQueryParamTest" time="0.001"/>
  <system-out><![CDATA[]]></system-out>
  <system-err><![CDATA[]]></system-err>
</testsuite>
