<?xml version="1.0" encoding="UTF-8"?>
<testsuite name="io.proximax.sdk.model.transaction.RecipientTest" tests="7" skipped="0" failures="0" errors="0" timestamp="2022-01-19T12:20:15" hostname="LAPTOP-A5KJ7JLN" time="0.012">
  <properties/>
  <testcase name="testForAddress()" classname="io.proximax.sdk.model.transaction.RecipientTest" time="0.002"/>
  <testcase name="serializeAddress()" classname="io.proximax.sdk.model.transaction.RecipientTest" time="0.0"/>
  <testcase name="testEqualsAddress()" classname="io.proximax.sdk.model.transaction.RecipientTest" time="0.001"/>
  <testcase name="serializeNamespace()" classname="io.proximax.sdk.model.transaction.RecipientTest" time="0.0"/>
  <testcase name="testHashCode()" classname="io.proximax.sdk.model.transaction.RecipientTest" time="0.001"/>
  <testcase name="testEqualsNamespace()" classname="io.proximax.sdk.model.transaction.RecipientTest" time="0.002"/>
  <testcase name="testForNamespace()" classname="io.proximax.sdk.model.transaction.RecipientTest" time="0.002"/>
  <system-out><![CDATA[]]></system-out>
  <system-err><![CDATA[]]></system-err>
</testsuite>
