<?xml version="1.0" encoding="UTF-8"?>
<testsuite name="io.proximax.sdk.model.account.AccountInfoTest" tests="2" skipped="0" failures="0" errors="0" timestamp="2022-01-19T12:20:13" hostname="LAPTOP-A5KJ7JLN" time="0.032">
  <properties/>
  <testcase name="shouldCreateAccountInfoViaConstructor()" classname="io.proximax.sdk.model.account.AccountInfoTest" time="0.005"/>
  <testcase name="fromDto()" classname="io.proximax.sdk.model.account.AccountInfoTest" time="0.026"/>
  <system-out><![CDATA[]]></system-out>
  <system-err><![CDATA[]]></system-err>
</testsuite>
