<?xml version="1.0" encoding="UTF-8"?>
<testsuite name="io.proximax.sdk.model.transaction.DeadlineRawTest" tests="4" skipped="0" failures="0" errors="0" timestamp="2022-01-19T12:20:15" hostname="LAPTOP-A5KJ7JLN" time="0.012">
  <properties/>
  <testcase name="constructor()" classname="io.proximax.sdk.model.transaction.DeadlineRawTest" time="0.001"/>
  <testcase name="toStringPasses()" classname="io.proximax.sdk.model.transaction.DeadlineRawTest" time="0.01"/>
  <testcase name="compareWithDeadline()" classname="io.proximax.sdk.model.transaction.DeadlineRawTest" time="0.001"/>
  <testcase name="startNow()" classname="io.proximax.sdk.model.transaction.DeadlineRawTest" time="0.0"/>
  <system-out><![CDATA[]]></system-out>
  <system-err><![CDATA[]]></system-err>
</testsuite>
