<?xml version="1.0" encoding="UTF-8"?>
<testsuite name="io.proximax.core.crypto.ed25519.Ed25519KeyGeneratorTest" tests="6" skipped="0" failures="0" errors="0" timestamp="2022-01-19T12:20:09" hostname="LAPTOP-A5KJ7JLN" time="1.536">
  <properties/>
  <testcase name="derivePublicKeyReturnsPublicKey()" classname="io.proximax.core.crypto.ed25519.Ed25519KeyGeneratorTest" time="0.0"/>
  <testcase name="generateKeyPairCreatesDifferentInstancesWithDifferentKeys()" classname="io.proximax.core.crypto.ed25519.Ed25519KeyGeneratorTest" time="0.0"/>
  <testcase name="generateKeyPairReturnsNewKeyPair()" classname="io.proximax.core.crypto.ed25519.Ed25519KeyGeneratorTest" time="0.001"/>
  <testcase name="derivePublicKeyReturnsExpectedPublicKey()" classname="io.proximax.core.crypto.ed25519.Ed25519KeyGeneratorTest" time="1.52"/>
  <testcase name="derivedPublicKeyIsValidPointOnCurve()" classname="io.proximax.core.crypto.ed25519.Ed25519KeyGeneratorTest" time="0.013"/>
  <testcase name="derivePublicKey()" classname="io.proximax.core.crypto.ed25519.Ed25519KeyGeneratorTest" time="0.001"/>
  <system-out><![CDATA[]]></system-out>
  <system-err><![CDATA[]]></system-err>
</testsuite>
