<?xml version="1.0" encoding="UTF-8"?>
<testsuite name="io.proximax.sdk.model.transaction.TransactionStatusErrorTest" tests="4" skipped="0" failures="0" errors="0" timestamp="2022-01-19T12:20:16" hostname="LAPTOP-A5KJ7JLN" time="0.015">
  <properties/>
  <testcase name="getDeadline()" classname="io.proximax.sdk.model.transaction.TransactionStatusErrorTest" time="0.003"/>
  <testcase name="getHash()" classname="io.proximax.sdk.model.transaction.TransactionStatusErrorTest" time="0.001"/>
  <testcase name="checkToString()" classname="io.proximax.sdk.model.transaction.TransactionStatusErrorTest" time="0.01"/>
  <testcase name="getStatus()" classname="io.proximax.sdk.model.transaction.TransactionStatusErrorTest" time="0.001"/>
  <system-out><![CDATA[]]></system-out>
  <system-err><![CDATA[]]></system-err>
</testsuite>
