<?xml version="1.0" encoding="UTF-8"?>
<testsuite name="io.proximax.core.utils.AbstractTwoLevelMapTest" tests="9" skipped="0" failures="0" errors="0" timestamp="2022-01-19T12:20:12" hostname="LAPTOP-A5KJ7JLN" time="0.011">
  <properties/>
  <testcase name="removeDoesNothingIfKeyIsNotPresentInMap()" classname="io.proximax.core.utils.AbstractTwoLevelMapTest" time="0.001"/>
  <testcase name="previouslyUnknownValueCanBeRetrieved()" classname="io.proximax.core.utils.AbstractTwoLevelMapTest" time="0.001"/>
  <testcase name="removeRemovesKeyFromMap()" classname="io.proximax.core.utils.AbstractTwoLevelMapTest" time="0.001"/>
  <testcase name="getItemAndGetItemsReturnSameValueForSameKeys()" classname="io.proximax.core.utils.AbstractTwoLevelMapTest" time="0.0"/>
  <testcase name="valueIsDirectional()" classname="io.proximax.core.utils.AbstractTwoLevelMapTest" time="0.001"/>
  <testcase name="sameValueIsReturnedForSameKeys()" classname="io.proximax.core.utils.AbstractTwoLevelMapTest" time="0.0"/>
  <testcase name="keySetReturnsCollectionOfAllKeys()" classname="io.proximax.core.utils.AbstractTwoLevelMapTest" time="0.001"/>
  <testcase name="keySetReturnsEmptyCollectionIfMapIsEmpty()" classname="io.proximax.core.utils.AbstractTwoLevelMapTest" time="0.001"/>
  <testcase name="previouslyUnknownValueMapCanBeRetrieved()" classname="io.proximax.core.utils.AbstractTwoLevelMapTest" time="0.001"/>
  <system-out><![CDATA[]]></system-out>
  <system-err><![CDATA[]]></system-err>
</testsuite>
