<?xml version="1.0" encoding="UTF-8"?>
<testsuite name="io.proximax.core.utils.FormatUtilsTest" tests="5" skipped="0" failures="0" errors="0" timestamp="2022-01-19T12:20:12" hostname="LAPTOP-A5KJ7JLN" time="0.011">
  <properties/>
  <testcase name="formatWithCustomDecimalPlacesFormatsValuesCorrectly()" classname="io.proximax.core.utils.FormatUtilsTest" time="0.001"/>
  <testcase name="decimalFormatWithZeroDecimalPlacesFormatsValuesCorrectly()" classname="io.proximax.core.utils.FormatUtilsTest" time="0.0"/>
  <testcase name="defaultDecimalFormatFormatsValuesCorrectly()" classname="io.proximax.core.utils.FormatUtilsTest" time="0.0"/>
  <testcase name="decimalFormatCannotBeSpecifiedWithNegativeDecimalPlaces()" classname="io.proximax.core.utils.FormatUtilsTest" time="0.001"/>
  <testcase name="decimalFormatWithCustomDecimalPlacesFormatsValuesCorrectly()" classname="io.proximax.core.utils.FormatUtilsTest" time="0.007"/>
  <system-out><![CDATA[]]></system-out>
  <system-err><![CDATA[]]></system-err>
</testsuite>
