<?xml version="1.0" encoding="UTF-8"?>
<testsuite name="io.proximax.sdk.model.blockchain.BlockchainVersionTest" tests="6" skipped="0" failures="0" errors="0" timestamp="2022-01-19T12:20:14" hostname="LAPTOP-A5KJ7JLN" time="0.009">
  <properties/>
  <testcase name="testConstructorRangeZero()" classname="io.proximax.sdk.model.blockchain.BlockchainVersionTest" time="0.001"/>
  <testcase name="testConstructorRangeMax()" classname="io.proximax.sdk.model.blockchain.BlockchainVersionTest" time="0.0"/>
  <testcase name="testConstructorRangeViolation()" classname="io.proximax.sdk.model.blockchain.BlockchainVersionTest" time="0.004"/>
  <testcase name="hashCodeEquals()" classname="io.proximax.sdk.model.blockchain.BlockchainVersionTest" time="0.0"/>
  <testcase name="testBigIntegerConversionsAreSymmetrical()" classname="io.proximax.sdk.model.blockchain.BlockchainVersionTest" time="0.0"/>
  <testcase name="testConstructor()" classname="io.proximax.sdk.model.blockchain.BlockchainVersionTest" time="0.001"/>
  <system-out><![CDATA[]]></system-out>
  <system-err><![CDATA[]]></system-err>
</testsuite>
