<?xml version="1.0" encoding="UTF-8"?>
<testsuite name="io.proximax.sdk.model.transaction.builder.MosaicSupplyChangeTransactionBuilderTest" tests="4" skipped="0" failures="0" errors="0" timestamp="2022-01-19T12:20:15" hostname="LAPTOP-A5KJ7JLN" time="0.003">
  <properties/>
  <testcase name="decreaseFor()" classname="io.proximax.sdk.model.transaction.builder.MosaicSupplyChangeTransactionBuilderTest" time="0.002"/>
  <testcase name="increase()" classname="io.proximax.sdk.model.transaction.builder.MosaicSupplyChangeTransactionBuilderTest" time="0.0"/>
  <testcase name="decrease()" classname="io.proximax.sdk.model.transaction.builder.MosaicSupplyChangeTransactionBuilderTest" time="0.0"/>
  <testcase name="increaseFor()" classname="io.proximax.sdk.model.transaction.builder.MosaicSupplyChangeTransactionBuilderTest" time="0.0"/>
  <system-out><![CDATA[]]></system-out>
  <system-err><![CDATA[]]></system-err>
</testsuite>
