<?xml version="1.0" encoding="UTF-8"?>
<testsuite name="io.proximax.sdk.model.transaction.MessageFactoryTest" tests="3" skipped="0" failures="0" errors="0" timestamp="2022-01-19T12:20:15" hostname="LAPTOP-A5KJ7JLN" time="0.024">
  <properties/>
  <testcase name="shouldCreateSecureMessage()" classname="io.proximax.sdk.model.transaction.MessageFactoryTest" time="0.017"/>
  <testcase name="shouldCreatePlainMessage()" classname="io.proximax.sdk.model.transaction.MessageFactoryTest" time="0.001"/>
  <testcase name="shouldCreateEmptyPlainMessageForUnknownType()" classname="io.proximax.sdk.model.transaction.MessageFactoryTest" time="0.006"/>
  <system-out><![CDATA[]]></system-out>
  <system-err><![CDATA[]]></system-err>
</testsuite>
