<?xml version="1.0" encoding="UTF-8"?>
<testsuite name="io.proximax.sdk.BlockchainApiTest" tests="8" skipped="0" failures="0" errors="0" timestamp="2022-01-19T12:20:12" hostname="LAPTOP-A5KJ7JLN" time="0.62">
  <properties/>
  <testcase name="testRetrieveRepositories()" classname="io.proximax.sdk.BlockchainApiTest" time="0.581"/>
  <testcase name="testNetworkMosaicExplicit()" classname="io.proximax.sdk.BlockchainApiTest" time="0.0"/>
  <testcase name="testApiConstructor()" classname="io.proximax.sdk.BlockchainApiTest" time="0.001"/>
  <testcase name="testRetrieveTransactionFactory()" classname="io.proximax.sdk.BlockchainApiTest" time="0.006"/>
  <testcase name="testNetworkTypeQueried()" classname="io.proximax.sdk.BlockchainApiTest" time="0.026"/>
  <testcase name="testNetworkTypeDefined()" classname="io.proximax.sdk.BlockchainApiTest" time="0.002"/>
  <testcase name="testNetworkTypeInvalid()" classname="io.proximax.sdk.BlockchainApiTest" time="0.003"/>
  <testcase name="testNetworkMosaicDefault()" classname="io.proximax.sdk.BlockchainApiTest" time="0.0"/>
  <system-out><![CDATA[]]></system-out>
  <system-err><![CDATA[]]></system-err>
</testsuite>
