<?xml version="1.0" encoding="UTF-8"?>
<testsuite name="io.proximax.sdk.model.metadata.MetadataIdTest" tests="3" skipped="0" failures="0" errors="0" timestamp="2022-01-19T12:20:14" hostname="LAPTOP-A5KJ7JLN" time="0.006">
  <properties/>
  <testcase name="throwOnBadHex()" classname="io.proximax.sdk.model.metadata.MetadataIdTest" time="0.003"/>
  <testcase name="constructorHexString()" classname="io.proximax.sdk.model.metadata.MetadataIdTest" time="0.001"/>
  <testcase name="constructorBigint()" classname="io.proximax.sdk.model.metadata.MetadataIdTest" time="0.001"/>
  <system-out><![CDATA[]]></system-out>
  <system-err><![CDATA[]]></system-err>
</testsuite>
