<?xml version="1.0" encoding="UTF-8"?>
<testsuite name="io.proximax.core.utils.ExceptionUtilsTest" tests="18" skipped="0" failures="0" errors="0" timestamp="2022-01-19T12:20:12" hostname="LAPTOP-A5KJ7JLN" time="0.463">
  <properties/>
  <testcase name="propagateMapsInterruptedExceptionToIllegalStateException()" classname="io.proximax.core.utils.ExceptionUtilsTest" time="0.102"/>
  <testcase name="propagateReturnsResultOnSuccess()" classname="io.proximax.core.utils.ExceptionUtilsTest" time="0.001"/>
  <testcase name="propagateWrapsCheckedExceptionsInRuntimeExceptionByDefault()" classname="io.proximax.core.utils.ExceptionUtilsTest" time="0.008"/>
  <testcase name="propagateVoidAllowsRuntimeExceptionsToPropagate()" classname="io.proximax.core.utils.ExceptionUtilsTest" time="0.009"/>
  <testcase name="propagateCanWrapCheckedExecutionExceptionsInCustomRuntimeException()" classname="io.proximax.core.utils.ExceptionUtilsTest" time="0.001"/>
  <testcase name="propagateVoidDoesNotThrowExceptionOnSuccess()" classname="io.proximax.core.utils.ExceptionUtilsTest" time="0.0"/>
  <testcase name="propagateVoidCanWrapCheckedExceptionsInCustomRuntimeException()" classname="io.proximax.core.utils.ExceptionUtilsTest" time="0.001"/>
  <testcase name="propagateVoidWrapsCheckedExceptionsInRuntimeExceptionByDefault()" classname="io.proximax.core.utils.ExceptionUtilsTest" time="0.001"/>
  <testcase name="propagateVoidWrapsCheckedExecutionExceptionsInRuntimeExceptionByDefault()" classname="io.proximax.core.utils.ExceptionUtilsTest" time="0.002"/>
  <testcase name="propagateSetsThreadInterruptFlagWhenMappingInterruptedException()" classname="io.proximax.core.utils.ExceptionUtilsTest" time="0.108"/>
  <testcase name="propagateWrapsCheckedExecutionExceptionsInRuntimeExceptionByDefault()" classname="io.proximax.core.utils.ExceptionUtilsTest" time="0.002"/>
  <testcase name="propagateUnwrapsUncheckedExecutionExceptions()" classname="io.proximax.core.utils.ExceptionUtilsTest" time="0.001"/>
  <testcase name="propagateAllowsRuntimeExceptionsToPropagate()" classname="io.proximax.core.utils.ExceptionUtilsTest" time="0.001"/>
  <testcase name="propagateCanWrapCheckedExceptionsInCustomRuntimeException()" classname="io.proximax.core.utils.ExceptionUtilsTest" time="0.001"/>
  <testcase name="propagateVoidUnwrapsUncheckedExecutionExceptions()" classname="io.proximax.core.utils.ExceptionUtilsTest" time="0.001"/>
  <testcase name="propagateVoidMapsInterruptedExceptionToIllegalStateException()" classname="io.proximax.core.utils.ExceptionUtilsTest" time="0.102"/>
  <testcase name="propagateVoidCanWrapCheckedExecutionExceptionsInCustomRuntimeException()" classname="io.proximax.core.utils.ExceptionUtilsTest" time="0.002"/>
  <testcase name="propagateVoidSetsThreadInterruptFlagWhenMappingInterruptedException()" classname="io.proximax.core.utils.ExceptionUtilsTest" time="0.108"/>
  <system-out><![CDATA[]]></system-out>
  <system-err><![CDATA[]]></system-err>
</testsuite>
