<?xml version="1.0" encoding="UTF-8"?>
<testsuite name="io.proximax.core.utils.LockFileTest" tests="8" skipped="0" failures="0" errors="0" timestamp="2022-01-19T12:20:12" hostname="LAPTOP-A5KJ7JLN" time="0.009">
  <properties/>
  <testcase name="tryAcquireLockReturnsLockWhenNewFileIsNotLocked()" classname="io.proximax.core.utils.LockFileTest" time="0.004"/>
  <testcase name="tryAcquireLockReturnsLockWhenExistingFileIsNotLocked()" classname="io.proximax.core.utils.LockFileTest" time="0.0"/>
  <testcase name="isLockedReturnsFalseWhenLockFileIsNotLocked()" classname="io.proximax.core.utils.LockFileTest" time="0.0"/>
  <testcase name="tryAcquireLockReturnsNullWhenExistingFileIsLocked()" classname="io.proximax.core.utils.LockFileTest" time="0.0"/>
  <testcase name="isLockedReturnsTrueWhenLockFileIsNotLocked()" classname="io.proximax.core.utils.LockFileTest" time="0.0"/>
  <testcase name="isLockedReturnsFalseWhenLockFileIsInvalid()" classname="io.proximax.core.utils.LockFileTest" time="0.0"/>
  <testcase name="tryAcquireLockReturnsNullWhenLockFileIsInvalid()" classname="io.proximax.core.utils.LockFileTest" time="0.0"/>
  <testcase name="isLockedReleasesLockBeforeReturn()" classname="io.proximax.core.utils.LockFileTest" time="0.001"/>
  <system-out><![CDATA[]]></system-out>
  <system-err><![CDATA[]]></system-err>
</testsuite>
