<?xml version="1.0" encoding="UTF-8"?>
<testsuite name="io.proximax.sdk.model.exchange.AddExchangeOfferTest" tests="5" skipped="0" failures="0" errors="0" timestamp="2022-01-19T12:20:14" hostname="LAPTOP-A5KJ7JLN" time="0.043">
  <properties/>
  <testcase name="checkHashcode()" classname="io.proximax.sdk.model.exchange.AddExchangeOfferTest" time="0.007"/>
  <testcase name="testToString()" classname="io.proximax.sdk.model.exchange.AddExchangeOfferTest" time="0.032"/>
  <testcase name="checkEquals()" classname="io.proximax.sdk.model.exchange.AddExchangeOfferTest" time="0.001"/>
  <testcase name="testMosaicConstructor()" classname="io.proximax.sdk.model.exchange.AddExchangeOfferTest" time="0.0"/>
  <testcase name="testConstructor()" classname="io.proximax.sdk.model.exchange.AddExchangeOfferTest" time="0.001"/>
  <system-out><![CDATA[]]></system-out>
  <system-err><![CDATA[]]></system-err>
</testsuite>
