<?xml version="1.0" encoding="UTF-8"?>
<testsuite name="io.proximax.sdk.model.transaction.builder.AliasTransactionBuilderTest" tests="5" skipped="0" failures="0" errors="0" timestamp="2022-01-19T12:20:15" hostname="LAPTOP-A5KJ7JLN" time="0.007">
  <properties/>
  <testcase name="testUnlinkMosaic()" classname="io.proximax.sdk.model.transaction.builder.AliasTransactionBuilderTest" time="0.002"/>
  <testcase name="testLinkMosaic()" classname="io.proximax.sdk.model.transaction.builder.AliasTransactionBuilderTest" time="0.001"/>
  <testcase name="testUnlinkAddress()" classname="io.proximax.sdk.model.transaction.builder.AliasTransactionBuilderTest" time="0.001"/>
  <testcase name="testLinkAddress()" classname="io.proximax.sdk.model.transaction.builder.AliasTransactionBuilderTest" time="0.0"/>
  <testcase name="testTypeValidation()" classname="io.proximax.sdk.model.transaction.builder.AliasTransactionBuilderTest" time="0.001"/>
  <system-out><![CDATA[]]></system-out>
  <system-err><![CDATA[]]></system-err>
</testsuite>
