<?xml version="1.0" encoding="UTF-8"?>
<testsuite name="io.proximax.sdk.model.account.props.AccountPropertyModificationTypeTest" tests="7" skipped="0" failures="0" errors="0" timestamp="2022-01-19T12:20:14" hostname="LAPTOP-A5KJ7JLN" time="0.012">
  <properties/>
  <testcase name="testGetByInvalidCode()" classname="io.proximax.sdk.model.account.props.AccountPropertyModificationTypeTest" time="0.005"/>
  <testcase name="getByStringCodeNull()" classname="io.proximax.sdk.model.account.props.AccountPropertyModificationTypeTest" time="0.001"/>
  <testcase name="getByStringCode()" classname="io.proximax.sdk.model.account.props.AccountPropertyModificationTypeTest" time="0.001"/>
  <testcase name="testGetCode()" classname="io.proximax.sdk.model.account.props.AccountPropertyModificationTypeTest" time="0.0"/>
  <testcase name="getByStringCodeInvalid()" classname="io.proximax.sdk.model.account.props.AccountPropertyModificationTypeTest" time="0.001"/>
  <testcase name="testGetByCode()" classname="io.proximax.sdk.model.account.props.AccountPropertyModificationTypeTest" time="0.0"/>
  <testcase name="getByStringCodeBad()" classname="io.proximax.sdk.model.account.props.AccountPropertyModificationTypeTest" time="0.001"/>
  <system-out><![CDATA[]]></system-out>
  <system-err><![CDATA[]]></system-err>
</testsuite>
