<?xml version="1.0" encoding="UTF-8"?>
<testsuite name="io.proximax.core.crypto.ed25519.arithmetic.Ed25519GroupElementTest" tests="38" skipped="0" failures="0" errors="0" timestamp="2022-01-19T12:20:05" hostname="LAPTOP-A5KJ7JLN" time="3.885">
  <properties/>
  <testcase name="canBeCreatedWithP3Coordinates()" classname="io.proximax.core.crypto.ed25519.arithmetic.Ed25519GroupElementTest" time="0.001"/>
  <testcase name="toP3ThrowsIfGroupElementHasP2Representation()" classname="io.proximax.core.crypto.ed25519.arithmetic.Ed25519GroupElementTest" time="0.002"/>
  <testcase name="toP3ReturnsExpectedResultIfGroupElementHasP1P1Representation()" classname="io.proximax.core.crypto.ed25519.arithmetic.Ed25519GroupElementTest" time="0.003"/>
  <testcase name="toCachedThrowsIfGroupElementHasP1P1Representation()" classname="io.proximax.core.crypto.ed25519.arithmetic.Ed25519GroupElementTest" time="0.002"/>
  <testcase name="toP2ThrowsIfGroupElementHasCachedRepresentation()" classname="io.proximax.core.crypto.ed25519.arithmetic.Ed25519GroupElementTest" time="0.002"/>
  <testcase name="scalarMultiplyBasePointWithOneReturnsBasePoint()" classname="io.proximax.core.crypto.ed25519.arithmetic.Ed25519GroupElementTest" time="0.001"/>
  <testcase name="toP2ReturnsExpectedResultIfGroupElementHasP3Representation()" classname="io.proximax.core.crypto.ed25519.arithmetic.Ed25519GroupElementTest" time="0.002"/>
  <testcase name="toCachedThrowsIfGroupElementHasPrecompRepresentation()" classname="io.proximax.core.crypto.ed25519.arithmetic.Ed25519GroupElementTest" time="0.001"/>
  <testcase name="precomputedTableContainsExpectedGroupElements()" classname="io.proximax.core.crypto.ed25519.arithmetic.Ed25519GroupElementTest" time="0.053"/>
  <testcase name="canBeCreatedWithSpecifiedCoordinates()" classname="io.proximax.core.crypto.ed25519.arithmetic.Ed25519GroupElementTest" time="0.001"/>
  <testcase name="dblReturnsExpectedResult()" classname="io.proximax.core.crypto.ed25519.arithmetic.Ed25519GroupElementTest" time="0.13"/>
  <testcase name="toP3ThrowsIfGroupElementHasPrecompRepresentation()" classname="io.proximax.core.crypto.ed25519.arithmetic.Ed25519GroupElementTest" time="0.001"/>
  <testcase name="subReturnsExpectedResult()" classname="io.proximax.core.crypto.ed25519.arithmetic.Ed25519GroupElementTest" time="0.115"/>
  <testcase name="canBeCreatedWithP1P1Coordinates()" classname="io.proximax.core.crypto.ed25519.arithmetic.Ed25519GroupElementTest" time="0.0"/>
  <testcase name="toP3ReturnsExpectedResultIfGroupElementHasP3Representation()" classname="io.proximax.core.crypto.ed25519.arithmetic.Ed25519GroupElementTest" time="0.001"/>
  <testcase name="doubleScalarMultiplyVariableTimeReturnsExpectedResult()" classname="io.proximax.core.crypto.ed25519.arithmetic.Ed25519GroupElementTest" time="1.554"/>
  <testcase name="toStringReturnsCorrectRepresentation()" classname="io.proximax.core.crypto.ed25519.arithmetic.Ed25519GroupElementTest" time="0.0"/>
  <testcase name="addingNeutralGroupElementDoesNotChangeGroupElement()" classname="io.proximax.core.crypto.ed25519.arithmetic.Ed25519GroupElementTest" time="0.032"/>
  <testcase name="satisfiesCurveEquationReturnsFalseForPointsNotOnTheCurve()" classname="io.proximax.core.crypto.ed25519.arithmetic.Ed25519GroupElementTest" time="0.004"/>
  <testcase name="constructorUsingEncodedGroupElementReturnsExpectedResult()" classname="io.proximax.core.crypto.ed25519.arithmetic.Ed25519GroupElementTest" time="0.041"/>
  <testcase name="equalsOnlyReturnsTrueForEquivalentObjects()" classname="io.proximax.core.crypto.ed25519.arithmetic.Ed25519GroupElementTest" time="0.001"/>
  <testcase name="encodeReturnsExpectedResult()" classname="io.proximax.core.crypto.ed25519.arithmetic.Ed25519GroupElementTest" time="0.007"/>
  <testcase name="scalarMultiplyBasePointReturnsExpectedResult()" classname="io.proximax.core.crypto.ed25519.arithmetic.Ed25519GroupElementTest" time="1.783"/>
  <testcase name="toCachedThrowsIfGroupElementHasP2Representation()" classname="io.proximax.core.crypto.ed25519.arithmetic.Ed25519GroupElementTest" time="0.001"/>
  <testcase name="toCachedReturnsExpectedResultIfGroupElementHasCachedRepresentation()" classname="io.proximax.core.crypto.ed25519.arithmetic.Ed25519GroupElementTest" time="0.001"/>
  <testcase name="dblPrecomputedTableContainsExpectedGroupElements()" classname="io.proximax.core.crypto.ed25519.arithmetic.Ed25519GroupElementTest" time="0.001"/>
  <testcase name="toP2ThrowsIfGroupElementHasPrecompRepresentation()" classname="io.proximax.core.crypto.ed25519.arithmetic.Ed25519GroupElementTest" time="0.001"/>
  <testcase name="canBeCreatedWithPrecompCoordinates()" classname="io.proximax.core.crypto.ed25519.arithmetic.Ed25519GroupElementTest" time="0.0"/>
  <testcase name="addReturnsExpectedResult()" classname="io.proximax.core.crypto.ed25519.arithmetic.Ed25519GroupElementTest" time="0.117"/>
  <testcase name="hashCodesAreEqualForEquivalentObjects()" classname="io.proximax.core.crypto.ed25519.arithmetic.Ed25519GroupElementTest" time="0.001"/>
  <testcase name="toP2ReturnsExpectedResultIfGroupElementHasP2Representation()" classname="io.proximax.core.crypto.ed25519.arithmetic.Ed25519GroupElementTest" time="0.001"/>
  <testcase name="canBeCreatedWithCachedCoordinates()" classname="io.proximax.core.crypto.ed25519.arithmetic.Ed25519GroupElementTest" time="0.0"/>
  <testcase name="satisfiesCurveEquationReturnsTrueForPointsOnTheCurve()" classname="io.proximax.core.crypto.ed25519.arithmetic.Ed25519GroupElementTest" time="0.006"/>
  <testcase name="toP2ReturnsExpectedResultIfGroupElementHasP1P1Representation()" classname="io.proximax.core.crypto.ed25519.arithmetic.Ed25519GroupElementTest" time="0.001"/>
  <testcase name="canBeCreatedWithP2Coordinates()" classname="io.proximax.core.crypto.ed25519.arithmetic.Ed25519GroupElementTest" time="0.0"/>
  <testcase name="toP3ThrowsIfGroupElementHasCachedRepresentation()" classname="io.proximax.core.crypto.ed25519.arithmetic.Ed25519GroupElementTest" time="0.001"/>
  <testcase name="scalarMultiplyBasePointWithZeroReturnsNeutralElement()" classname="io.proximax.core.crypto.ed25519.arithmetic.Ed25519GroupElementTest" time="0.0"/>
  <testcase name="toCachedReturnsExpectedResultIfGroupElementHasP3Representation()" classname="io.proximax.core.crypto.ed25519.arithmetic.Ed25519GroupElementTest" time="0.001"/>
  <system-out><![CDATA[]]></system-out>
  <system-err><![CDATA[]]></system-err>
</testsuite>
