<?xml version="1.0" encoding="UTF-8"?>
<testsuite name="io.proximax.sdk.infrastructure.listener.ListenerMessageTest" tests="4" skipped="0" failures="0" errors="0" timestamp="2022-01-19T12:20:13" hostname="LAPTOP-A5KJ7JLN" time="0.007">
  <properties/>
  <testcase name="extractAddress2()" classname="io.proximax.sdk.infrastructure.listener.ListenerMessageTest" time="0.003"/>
  <testcase name="constructor()" classname="io.proximax.sdk.infrastructure.listener.ListenerMessageTest" time="0.0"/>
  <testcase name="constructorWithAddress()" classname="io.proximax.sdk.infrastructure.listener.ListenerMessageTest" time="0.0"/>
  <testcase name="extractBigInt()" classname="io.proximax.sdk.infrastructure.listener.ListenerMessageTest" time="0.003"/>
  <system-out><![CDATA[]]></system-out>
  <system-err><![CDATA[]]></system-err>
</testsuite>
