<?xml version="1.0" encoding="UTF-8"?>
<testsuite name="io.proximax.sdk.model.transaction.builder.TransactionBuilderFactoryTest" tests="2" skipped="0" failures="0" errors="0" timestamp="2022-01-19T12:20:15" hostname="LAPTOP-A5KJ7JLN" time="0.004">
  <properties/>
  <testcase name="testNoDefaults()" classname="io.proximax.sdk.model.transaction.builder.TransactionBuilderFactoryTest" time="0.002"/>
  <testcase name="testDefaults()" classname="io.proximax.sdk.model.transaction.builder.TransactionBuilderFactoryTest" time="0.002"/>
  <system-out><![CDATA[]]></system-out>
  <system-err><![CDATA[]]></system-err>
</testsuite>
