<?xml version="1.0" encoding="UTF-8"?>
<testsuite name="io.proximax.core.crypto.ed25519.Ed25519BlockCipherTest" tests="6" skipped="0" failures="0" errors="0" timestamp="2022-01-19T12:20:09" hostname="LAPTOP-A5KJ7JLN" time="0.106">
  <properties/>
  <testcase name="dataCanBeEncryptedWithSenderPrivateKeyAndRecipientPublicKey()" classname="io.proximax.core.crypto.ed25519.Ed25519BlockCipherTest" time="0.024"/>
  <testcase name="dataCanBeDecryptedWithSenderPrivateKeyAndRecipientPublicKey()" classname="io.proximax.core.crypto.ed25519.Ed25519BlockCipherTest" time="0.014"/>
  <testcase name="dataEncryptedWithPrivateKeyCanOnlyBeDecryptedByMatchingPublicKey()" classname="io.proximax.core.crypto.ed25519.Ed25519BlockCipherTest" time="0.037"/>
  <testcase name="encryptedDataCanBeDecrypted()" classname="io.proximax.core.crypto.ed25519.Ed25519BlockCipherTest" time="0.013"/>
  <testcase name="dataCanBeDecryptedWithSenderPublicKeyAndRecipientPrivateKey()" classname="io.proximax.core.crypto.ed25519.Ed25519BlockCipherTest" time="0.012"/>
  <testcase name="decryptReturnsNullIfInputIsTooSmallInLength()" classname="io.proximax.core.crypto.ed25519.Ed25519BlockCipherTest" time="0.003"/>
  <system-out><![CDATA[]]></system-out>
  <system-err><![CDATA[]]></system-err>
</testsuite>
