<?xml version="1.0" encoding="UTF-8"?>
<testsuite name="io.proximax.core.utils.Base32EncoderTest" tests="4" skipped="0" failures="0" errors="0" timestamp="2022-01-19T12:20:12" hostname="LAPTOP-A5KJ7JLN" time="0.01">
  <properties/>
  <testcase name="stringCanBeConvertedToByteArray()" classname="io.proximax.core.utils.Base32EncoderTest" time="0.004"/>
  <testcase name="stringCanContainPaddingAndWhitespace()" classname="io.proximax.core.utils.Base32EncoderTest" time="0.001"/>
  <testcase name="malformedStringCannotBeDecoded()" classname="io.proximax.core.utils.Base32EncoderTest" time="0.002"/>
  <testcase name="byteArrayCanBeConvertedToString()" classname="io.proximax.core.utils.Base32EncoderTest" time="0.001"/>
  <system-out><![CDATA[]]></system-out>
  <system-err><![CDATA[]]></system-err>
</testsuite>
