<?xml version="1.0" encoding="UTF-8"?>
<testsuite name="io.proximax.core.crypto.ed25519.Ed25519CryptoEngineTest" tests="5" skipped="0" failures="0" errors="0" timestamp="2022-01-19T12:20:09" hostname="LAPTOP-A5KJ7JLN" time="0.012">
  <properties/>
  <testcase name="canCreateKeyAnalyzer()" classname="io.proximax.core.crypto.ed25519.Ed25519CryptoEngineTest" time="0.004"/>
  <testcase name="canCreateKeyGenerator()" classname="io.proximax.core.crypto.ed25519.Ed25519CryptoEngineTest" time="0.001"/>
  <testcase name="canCreateDsaSigner()" classname="io.proximax.core.crypto.ed25519.Ed25519CryptoEngineTest" time="0.001"/>
  <testcase name="canCreateBlockCipher()" classname="io.proximax.core.crypto.ed25519.Ed25519CryptoEngineTest" time="0.001"/>
  <testcase name="canGetCurve()" classname="io.proximax.core.crypto.ed25519.Ed25519CryptoEngineTest" time="0.002"/>
  <system-out><![CDATA[]]></system-out>
  <system-err><![CDATA[]]></system-err>
</testsuite>
