<?xml version="1.0" encoding="UTF-8"?>
<testsuite name="io.proximax.sdk.model.mosaic.MosaicPropertiesTest" tests="9" skipped="0" failures="0" errors="0" timestamp="2022-01-19T12:20:15" hostname="LAPTOP-A5KJ7JLN" time="0.009">
  <properties/>
  <testcase name="checkHashCode()" classname="io.proximax.sdk.model.mosaic.MosaicPropertiesTest" time="0.0"/>
  <testcase name="staticConstructor()" classname="io.proximax.sdk.model.mosaic.MosaicPropertiesTest" time="0.001"/>
  <testcase name="zeroDurationIsInfnity()" classname="io.proximax.sdk.model.mosaic.MosaicPropertiesTest" time="0.0"/>
  <testcase name="missingDurationIsInfnity()" classname="io.proximax.sdk.model.mosaic.MosaicPropertiesTest" time="0.0"/>
  <testcase name="checkEquals()" classname="io.proximax.sdk.model.mosaic.MosaicPropertiesTest" time="0.0"/>
  <testcase name="checkToString()" classname="io.proximax.sdk.model.mosaic.MosaicPropertiesTest" time="0.0"/>
  <testcase name="shouldCreateMosaicPropertiesViaBuilder()" classname="io.proximax.sdk.model.mosaic.MosaicPropertiesTest" time="0.004"/>
  <testcase name="deserialization()" classname="io.proximax.sdk.model.mosaic.MosaicPropertiesTest" time="0.001"/>
  <testcase name="shouldCreateMosaicPropertiesViaConstructor()" classname="io.proximax.sdk.model.mosaic.MosaicPropertiesTest" time="0.001"/>
  <system-out><![CDATA[]]></system-out>
  <system-err><![CDATA[]]></system-err>
</testsuite>
