<?xml version="1.0" encoding="UTF-8"?>
<testsuite name="io.proximax.core.crypto.KeyPairTest" tests="8" skipped="0" failures="0" errors="0" timestamp="2022-01-19T12:20:11" hostname="LAPTOP-A5KJ7JLN" time="0.036">
  <properties/>
  <testcase name="ctorCanCreateKeyPairAroundPublicKey()" classname="io.proximax.core.crypto.KeyPairTest" time="0.001"/>
  <testcase name="ctorCreatesKeyGenerator()" classname="io.proximax.core.crypto.KeyPairTest" time="0.021"/>
  <testcase name="ctorWithPrivateKeyDelegatesToDerivePublicKey()" classname="io.proximax.core.crypto.KeyPairTest" time="0.002"/>
  <testcase name="ctorCanCreateKeyPairAroundPrivateKey()" classname="io.proximax.core.crypto.KeyPairTest" time="0.001"/>
  <testcase name="ctorFailsIfPublicKeyIsNotCompressed()" classname="io.proximax.core.crypto.KeyPairTest" time="0.002"/>
  <testcase name="ctorCreatesDifferentInstancesWithDifferentKeys()" classname="io.proximax.core.crypto.KeyPairTest" time="0.0"/>
  <testcase name="ctorDelegatesKeyGenerationToKeyGenerator()" classname="io.proximax.core.crypto.KeyPairTest" time="0.001"/>
  <testcase name="ctorCanCreateNewKeyPair()" classname="io.proximax.core.crypto.KeyPairTest" time="0.001"/>
  <system-out><![CDATA[]]></system-out>
  <system-err><![CDATA[]]></system-err>
</testsuite>
