<?xml version="1.0" encoding="UTF-8"?>
<testsuite name="io.proximax.sdk.utils.GsonUtilsTest" tests="13" skipped="0" failures="0" errors="0" timestamp="2022-01-19T12:20:16" hostname="LAPTOP-A5KJ7JLN" time="0.019">
  <properties/>
  <testcase name="ensureLongsLongTest()" classname="io.proximax.sdk.utils.GsonUtilsTest" time="0.001"/>
  <testcase name="checkFieldOfObject()" classname="io.proximax.sdk.utils.GsonUtilsTest" time="0.001"/>
  <testcase name="ensureLongsStringTest()" classname="io.proximax.sdk.utils.GsonUtilsTest" time="0.001"/>
  <testcase name="checkToBigInteger()" classname="io.proximax.sdk.utils.GsonUtilsTest" time="0.001"/>
  <testcase name="checkJsonPrimitive()" classname="io.proximax.sdk.utils.GsonUtilsTest" time="0.001"/>
  <testcase name="ensureLongsMixedTest()" classname="io.proximax.sdk.utils.GsonUtilsTest" time="0.0"/>
  <testcase name="checkMapToArray()" classname="io.proximax.sdk.utils.GsonUtilsTest" time="0.001"/>
  <testcase name="checkStreamArray()" classname="io.proximax.sdk.utils.GsonUtilsTest" time="0.001"/>
  <testcase name="checkGetJsonArrayMapped()" classname="io.proximax.sdk.utils.GsonUtilsTest" time="0.003"/>
  <testcase name="checkMapToObject()" classname="io.proximax.sdk.utils.GsonUtilsTest" time="0.001"/>
  <testcase name="checkGetJsonArray()" classname="io.proximax.sdk.utils.GsonUtilsTest" time="0.002"/>
  <testcase name="ensureLongsDoubleTest()" classname="io.proximax.sdk.utils.GsonUtilsTest" time="0.002"/>
  <testcase name="ensureLongsEmptyTest()" classname="io.proximax.sdk.utils.GsonUtilsTest" time="0.001"/>
  <system-out><![CDATA[]]></system-out>
  <system-err><![CDATA[]]></system-err>
</testsuite>
