<?xml version="1.0" encoding="UTF-8"?>
<testsuite name="io.proximax.core.crypto.SignatureTest" tests="18" skipped="0" failures="0" errors="0" timestamp="2022-01-19T12:20:11" hostname="LAPTOP-A5KJ7JLN" time="0.026">
  <properties/>
  <testcase name="binaryCtorFailsIfByteArrayOfSIsTooLarge()" classname="io.proximax.core.crypto.SignatureTest" time="0.002"/>
  <testcase name="bigIntegerCtorInitializesFields()" classname="io.proximax.core.crypto.SignatureTest" time="0.0"/>
  <testcase name="byteArrayCtorInitializesFields()" classname="io.proximax.core.crypto.SignatureTest" time="0.0"/>
  <testcase name="getBytesReturns64Bytes()" classname="io.proximax.core.crypto.SignatureTest" time="0.0"/>
  <testcase name="binaryCtorFailsIfByteArrayOfRIsTooLarge()" classname="io.proximax.core.crypto.SignatureTest" time="0.001"/>
  <testcase name="getBinarySReturnsSAsByteArray()" classname="io.proximax.core.crypto.SignatureTest" time="0.0"/>
  <testcase name="binaryCtorSucceedsIfRAndSHaveCorrectLength()" classname="io.proximax.core.crypto.SignatureTest" time="0.0"/>
  <testcase name="getBinaryRReturnsRAsByteArray()" classname="io.proximax.core.crypto.SignatureTest" time="0.0"/>
  <testcase name="canRoundtripBinarySignature()" classname="io.proximax.core.crypto.SignatureTest" time="0.001"/>
  <testcase name="byteArrayCtorSucceedsIfByteArrayIsCorrectLength()" classname="io.proximax.core.crypto.SignatureTest" time="0.001"/>
  <testcase name="equalsOnlyReturnsTrueForEquivalentObjects()" classname="io.proximax.core.crypto.SignatureTest" time="0.001"/>
  <testcase name="bigIntegerCtorFailsIfSIsToLarge()" classname="io.proximax.core.crypto.SignatureTest" time="0.001"/>
  <testcase name="binaryCtorInitializesFields()" classname="io.proximax.core.crypto.SignatureTest" time="0.001"/>
  <testcase name="bigIntegerCtorFailsIfRIsToLarge()" classname="io.proximax.core.crypto.SignatureTest" time="0.001"/>
  <testcase name="toStringReturnsHexRepresentation()" classname="io.proximax.core.crypto.SignatureTest" time="0.001"/>
  <testcase name="hashCodesAreEqualForEquivalentObjects()" classname="io.proximax.core.crypto.SignatureTest" time="0.001"/>
  <testcase name="byteArrayCtorFailsIfByteArrayIsTooLarge()" classname="io.proximax.core.crypto.SignatureTest" time="0.001"/>
  <testcase name="byteArrayCtorFailsIfByteArrayIsTooSmall()" classname="io.proximax.core.crypto.SignatureTest" time="0.001"/>
  <system-out><![CDATA[]]></system-out>
  <system-err><![CDATA[]]></system-err>
</testsuite>
