<?xml version="1.0" encoding="UTF-8"?>
<testsuite name="io.proximax.sdk.model.transaction.TransactionTypeTest" tests="16" skipped="0" failures="0" errors="0" timestamp="2022-01-19T12:20:16" hostname="LAPTOP-A5KJ7JLN" time="0.006">
  <properties/>
  <testcase name="transferType()" classname="io.proximax.sdk.model.transaction.TransactionTypeTest" time="0.001"/>
  <testcase name="addressAliasType()" classname="io.proximax.sdk.model.transaction.TransactionTypeTest" time="0.0"/>
  <testcase name="mosaicAliasType()" classname="io.proximax.sdk.model.transaction.TransactionTypeTest" time="0.001"/>
  <testcase name="secretLockType()" classname="io.proximax.sdk.model.transaction.TransactionTypeTest" time="0.0"/>
  <testcase name="secretProofType()" classname="io.proximax.sdk.model.transaction.TransactionTypeTest" time="0.0"/>
  <testcase name="accountPropertiesEntityType()" classname="io.proximax.sdk.model.transaction.TransactionTypeTest" time="0.0"/>
  <testcase name="accountPropertiesAddressType()" classname="io.proximax.sdk.model.transaction.TransactionTypeTest" time="0.001"/>
  <testcase name="lockFundsType()" classname="io.proximax.sdk.model.transaction.TransactionTypeTest" time="0.0"/>
  <testcase name="aggregateBondedType()" classname="io.proximax.sdk.model.transaction.TransactionTypeTest" time="0.0"/>
  <testcase name="namespaceCreationType()" classname="io.proximax.sdk.model.transaction.TransactionTypeTest" time="0.001"/>
  <testcase name="aggregateCompleteType()" classname="io.proximax.sdk.model.transaction.TransactionTypeTest" time="0.0"/>
  <testcase name="multisigModificationType()" classname="io.proximax.sdk.model.transaction.TransactionTypeTest" time="0.0"/>
  <testcase name="mosaicCreationType()" classname="io.proximax.sdk.model.transaction.TransactionTypeTest" time="0.0"/>
  <testcase name="accountPropertiesMosaic()" classname="io.proximax.sdk.model.transaction.TransactionTypeTest" time="0.0"/>
  <testcase name="accountLinkType()" classname="io.proximax.sdk.model.transaction.TransactionTypeTest" time="0.0"/>
  <testcase name="mosaicSupplyChangeType()" classname="io.proximax.sdk.model.transaction.TransactionTypeTest" time="0.001"/>
  <system-out><![CDATA[]]></system-out>
  <system-err><![CDATA[]]></system-err>
</testsuite>
