<?xml version="1.0" encoding="UTF-8"?>
<testsuite name="io.proximax.sdk.model.transaction.HashTypeTest" tests="14" skipped="0" failures="0" errors="0" timestamp="2022-01-19T12:20:15" hostname="LAPTOP-A5KJ7JLN" time="0.01">
  <properties/>
  <testcase name="rawValueOf()" classname="io.proximax.sdk.model.transaction.HashTypeTest" time="0.002"/>
  <testcase name="HASH_256ShouldReturnFalseIfItIsNot64CharsLength()" classname="io.proximax.sdk.model.transaction.HashTypeTest" time="0.0"/>
  <testcase name="KECCAK_256ShouldReturnFalseIfItIsNot64CharsLength()" classname="io.proximax.sdk.model.transaction.HashTypeTest" time="0.0"/>
  <testcase name="SHA3_256ShouldReturnFalseIfItIsNotAValidHash()" classname="io.proximax.sdk.model.transaction.HashTypeTest" time="0.0"/>
  <testcase name="HASH_256ShouldBeExactly64CharactersLength()" classname="io.proximax.sdk.model.transaction.HashTypeTest" time="0.0"/>
  <testcase name="KECCAK_256ShouldBeExactly64CharactersLength()" classname="io.proximax.sdk.model.transaction.HashTypeTest" time="0.001"/>
  <testcase name="SHA3_256ShouldReturnFalseIfItIsNot64CharsLength()" classname="io.proximax.sdk.model.transaction.HashTypeTest" time="0.0"/>
  <testcase name="hashValue()" classname="io.proximax.sdk.model.transaction.HashTypeTest" time="0.0"/>
  <testcase name="HASH_160ShouldHaveValidLength()" classname="io.proximax.sdk.model.transaction.HashTypeTest" time="0.001"/>
  <testcase name="SHA3_256ShouldBeExactly64CharactersLength()" classname="io.proximax.sdk.model.transaction.HashTypeTest" time="0.001"/>
  <testcase name="HASH_256ShouldReturnFalseIfItIsNotAValidHash()" classname="io.proximax.sdk.model.transaction.HashTypeTest" time="0.0"/>
  <testcase name="HASH_160ShouldReturnFalseIfItIsNot40CharsLength()" classname="io.proximax.sdk.model.transaction.HashTypeTest" time="0.001"/>
  <testcase name="KECCAK_256ShouldReturnFalseIfItIsNotAValidHash()" classname="io.proximax.sdk.model.transaction.HashTypeTest" time="0.0"/>
  <testcase name="HASH_160ShouldReturnFalseIfItIsNotAValidHash()" classname="io.proximax.sdk.model.transaction.HashTypeTest" time="0.0"/>
  <system-out><![CDATA[]]></system-out>
  <system-err><![CDATA[]]></system-err>
</testsuite>
