<?xml version="1.0" encoding="UTF-8"?>
<testsuite name="io.proximax.sdk.model.transaction.AccountLinkTransactionTest" tests="3" skipped="0" failures="0" errors="0" timestamp="2022-01-19T12:20:15" hostname="LAPTOP-A5KJ7JLN" time="0.04">
  <properties/>
  <testcase name="testFullConstructor()" classname="io.proximax.sdk.model.transaction.AccountLinkTransactionTest" time="0.005"/>
  <testcase name="serialization()" classname="io.proximax.sdk.model.transaction.AccountLinkTransactionTest" time="0.033"/>
  <testcase name="checkCopyToSigner()" classname="io.proximax.sdk.model.transaction.AccountLinkTransactionTest" time="0.001"/>
  <system-out><![CDATA[output: [B@4d34ef03
size: 155
]]></system-out>
  <system-err><![CDATA[]]></system-err>
</testsuite>
