<?xml version="1.0" encoding="UTF-8"?>
<testsuite name="io.proximax.core.crypto.ed25519.Ed25519UtilsTest" tests="1" skipped="0" failures="0" errors="0" timestamp="2022-01-19T12:20:11" hostname="LAPTOP-A5KJ7JLN" time="0.0">
  <properties/>
  <testcase name="prepareForScalarMultiplyReturnsClampedValue()" classname="io.proximax.core.crypto.ed25519.Ed25519UtilsTest" time="0.0"/>
  <system-out><![CDATA[]]></system-out>
  <system-err><![CDATA[]]></system-err>
</testsuite>
