<?xml version="1.0" encoding="UTF-8"?>
<testsuite name="io.proximax.core.crypto.ed25519.arithmetic.Ed25519GroupTest" tests="5" skipped="0" failures="0" errors="0" timestamp="2022-01-19T12:20:09" hostname="LAPTOP-A5KJ7JLN" time="0.003">
  <properties/>
  <testcase name="basePointIsAsExpected()" classname="io.proximax.core.crypto.ed25519.arithmetic.Ed25519GroupTest" time="0.001"/>
  <testcase name="groupOrderIsAsExpected()" classname="io.proximax.core.crypto.ed25519.arithmetic.Ed25519GroupTest" time="0.001"/>
  <testcase name="zeroP3IsAsExpected()" classname="io.proximax.core.crypto.ed25519.arithmetic.Ed25519GroupTest" time="0.0"/>
  <testcase name="zeroPrecomputedIsAsExpected()" classname="io.proximax.core.crypto.ed25519.arithmetic.Ed25519GroupTest" time="0.0"/>
  <testcase name="zeroP2IsAsExpected()" classname="io.proximax.core.crypto.ed25519.arithmetic.Ed25519GroupTest" time="0.0"/>
  <system-out><![CDATA[]]></system-out>
  <system-err><![CDATA[]]></system-err>
</testsuite>
