<?xml version="1.0" encoding="UTF-8"?>
<testsuite name="io.proximax.core.crypto.HashesTest" tests="39" skipped="0" failures="0" errors="0" timestamp="2022-01-19T12:20:11" hostname="LAPTOP-A5KJ7JLN" time="0.076">
  <properties/>
  <testcase name="hash_160AndHash_256GenerateDifferentHashForSameInputs()" classname="io.proximax.core.crypto.HashesTest" time="0.015"/>
  <testcase name="hash_160AndRipemd160GenerateDifferentHashForSameInputs()" classname="io.proximax.core.crypto.HashesTest" time="0.001"/>
  <testcase name="hash_256GeneratesSameHashForSameMergedInputs()" classname="io.proximax.core.crypto.HashesTest" time="0.001"/>
  <testcase name="sha3_256GeneratesSameHashForSameMergedInputs()" classname="io.proximax.core.crypto.HashesTest" time="0.001"/>
  <testcase name="sha3_256GeneratesSameHashForSameInputs()" classname="io.proximax.core.crypto.HashesTest" time="0.001"/>
  <testcase name="hash_256GeneratesDifferentHashForDifferentInputs()" classname="io.proximax.core.crypto.HashesTest" time="0.0"/>
  <testcase name="sha3_512GeneratesDifferentHashForDifferentInputs()" classname="io.proximax.core.crypto.HashesTest" time="0.0"/>
  <testcase name="sha3_512GeneratesSameHashForSameInputs()" classname="io.proximax.core.crypto.HashesTest" time="0.0"/>
  <testcase name="hash_160HashHasExpectedByteLength()" classname="io.proximax.core.crypto.HashesTest" time="0.001"/>
  <testcase name="keccak_256HashHasExpectedByteLength()" classname="io.proximax.core.crypto.HashesTest" time="0.002"/>
  <testcase name="hash_160GeneratesSameHashForSameMergedInputs()" classname="io.proximax.core.crypto.HashesTest" time="0.001"/>
  <testcase name="ripemd160GeneratesSameHashForSameInputs()" classname="io.proximax.core.crypto.HashesTest" time="0.001"/>
  <testcase name="ripemd160GeneratesSameHashForSameMergedInputs()" classname="io.proximax.core.crypto.HashesTest" time="0.0"/>
  <testcase name="sha3_256AndRipemd160GenerateDifferentHashForSameInputs()" classname="io.proximax.core.crypto.HashesTest" time="0.001"/>
  <testcase name="sha3_512HashHasExpectedByteLength()" classname="io.proximax.core.crypto.HashesTest" time="0.0"/>
  <testcase name="keccak_256AndHash_160GenerateDifferentHashForSameInputs()" classname="io.proximax.core.crypto.HashesTest" time="0.002"/>
  <testcase name="hash_160GeneratesSameHashForSameInputs()" classname="io.proximax.core.crypto.HashesTest" time="0.001"/>
  <testcase name="keccak_256AndHash_256GenerateDifferentHashForSameInputs()" classname="io.proximax.core.crypto.HashesTest" time="0.001"/>
  <testcase name="sha3_512AndKeccak_256GenerateDifferentHashForSameInputs()" classname="io.proximax.core.crypto.HashesTest" time="0.002"/>
  <testcase name="sha3_256HashHasExpectedByteLength()" classname="io.proximax.core.crypto.HashesTest" time="0.001"/>
  <testcase name="keccak_256GeneratesDifferentHashForDifferentInputs()" classname="io.proximax.core.crypto.HashesTest" time="0.0"/>
  <testcase name="sha3_256AndKeccak_256GenerateDifferentHashForSameInputs()" classname="io.proximax.core.crypto.HashesTest" time="0.002"/>
  <testcase name="ripemd160GeneratesDifferentHashForDifferentInputs()" classname="io.proximax.core.crypto.HashesTest" time="0.002"/>
  <testcase name="keccak_256AndRipemd160GenerateDifferentHashForSameInputs()" classname="io.proximax.core.crypto.HashesTest" time="0.002"/>
  <testcase name="ripemd160HashHasExpectedByteLength()" classname="io.proximax.core.crypto.HashesTest" time="0.001"/>
  <testcase name="hash_256AndRipemd160GenerateDifferentHashForSameInputs()" classname="io.proximax.core.crypto.HashesTest" time="0.001"/>
  <testcase name="sha3_512GeneratesSameHashForSameMergedInputs()" classname="io.proximax.core.crypto.HashesTest" time="0.0"/>
  <testcase name="sha3_512AndHash_160GenerateDifferentHashForSameInputs()" classname="io.proximax.core.crypto.HashesTest" time="0.002"/>
  <testcase name="sha3_512AndRipemd160GenerateDifferentHashForSameInputs()" classname="io.proximax.core.crypto.HashesTest" time="0.002"/>
  <testcase name="sha3_512AndHash_256GenerateDifferentHashForSameInputs()" classname="io.proximax.core.crypto.HashesTest" time="0.001"/>
  <testcase name="sha3_256AndHash_160GenerateDifferentHashForSameInputs()" classname="io.proximax.core.crypto.HashesTest" time="0.001"/>
  <testcase name="sha3_256AndHash_256GenerateDifferentHashForSameInputs()" classname="io.proximax.core.crypto.HashesTest" time="0.001"/>
  <testcase name="keccak_256GeneratesSameHashForSameMergedInputs()" classname="io.proximax.core.crypto.HashesTest" time="0.001"/>
  <testcase name="sha3_256GeneratesDifferentHashForDifferentInputs()" classname="io.proximax.core.crypto.HashesTest" time="0.0"/>
  <testcase name="keccak_256GeneratesSameHashForSameInputs()" classname="io.proximax.core.crypto.HashesTest" time="0.001"/>
  <testcase name="hash_256GeneratesSameHashForSameInputs()" classname="io.proximax.core.crypto.HashesTest" time="0.001"/>
  <testcase name="sha3_256AndSha3_512GenerateDifferentHashForSameInputs()" classname="io.proximax.core.crypto.HashesTest" time="0.001"/>
  <testcase name="hash_160GeneratesDifferentHashForDifferentInputs()" classname="io.proximax.core.crypto.HashesTest" time="0.001"/>
  <testcase name="hash_256HashHasExpectedByteLength()" classname="io.proximax.core.crypto.HashesTest" time="0.002"/>
  <system-out><![CDATA[]]></system-out>
  <system-err><![CDATA[]]></system-err>
</testsuite>
