<?xml version="1.0" encoding="UTF-8"?>
<testsuite name="io.proximax.sdk.model.mosaic.MosaicInfoTest" tests="7" skipped="0" failures="0" errors="0" timestamp="2022-01-19T12:20:14" hostname="LAPTOP-A5KJ7JLN" time="0.041">
  <properties/>
  <testcase name="shouldReturnIsSupplyMutableWhenIsImmutable()" classname="io.proximax.sdk.model.mosaic.MosaicInfoTest" time="0.001"/>
  <testcase name="shouldReturnIsSupplyMutableWhenIsMutable()" classname="io.proximax.sdk.model.mosaic.MosaicInfoTest" time="0.0"/>
  <testcase name="checkFromDto()" classname="io.proximax.sdk.model.mosaic.MosaicInfoTest" time="0.013"/>
  <testcase name="chachToString()" classname="io.proximax.sdk.model.mosaic.MosaicInfoTest" time="0.021"/>
  <testcase name="createAMosaicInfoViaConstructor()" classname="io.proximax.sdk.model.mosaic.MosaicInfoTest" time="0.001"/>
  <testcase name="shouldReturnIsTransferableWhenItsNotTransferable()" classname="io.proximax.sdk.model.mosaic.MosaicInfoTest" time="0.001"/>
  <testcase name="shouldReturnIsTransferableWhenItsTransferable()" classname="io.proximax.sdk.model.mosaic.MosaicInfoTest" time="0.0"/>
  <system-out><![CDATA[]]></system-out>
  <system-err><![CDATA[]]></system-err>
</testsuite>
