<?xml version="1.0" encoding="UTF-8"?>
<testsuite name="io.proximax.sdk.model.mosaic.MosaicTest" tests="4" skipped="0" failures="0" errors="0" timestamp="2022-01-19T12:20:15" hostname="LAPTOP-A5KJ7JLN" time="0.004">
  <properties/>
  <testcase name="createANewMosaicViaConstructor()" classname="io.proximax.sdk.model.mosaic.MosaicTest" time="0.001"/>
  <testcase name="checkHashCode()" classname="io.proximax.sdk.model.mosaic.MosaicTest" time="0.001"/>
  <testcase name="checkEquals()" classname="io.proximax.sdk.model.mosaic.MosaicTest" time="0.001"/>
  <testcase name="checkToString()" classname="io.proximax.sdk.model.mosaic.MosaicTest" time="0.001"/>
  <system-out><![CDATA[]]></system-out>
  <system-err><![CDATA[]]></system-err>
</testsuite>
