<?xml version="1.0" encoding="UTF-8"?>
<testsuite name="io.proximax.core.crypto.ed25519.Ed25519KeyAnalyzerTest" tests="2" skipped="0" failures="0" errors="0" timestamp="2022-01-19T12:20:09" hostname="LAPTOP-A5KJ7JLN" time="0.002">
  <properties/>
  <testcase name="isKeyCompressedReturnsTrueForCompressedPublicKey()" classname="io.proximax.core.crypto.ed25519.Ed25519KeyAnalyzerTest" time="0.001"/>
  <testcase name="isKeyCompressedReturnsFalseIfKeyHasWrongLength()" classname="io.proximax.core.crypto.ed25519.Ed25519KeyAnalyzerTest" time="0.001"/>
  <system-out><![CDATA[]]></system-out>
  <system-err><![CDATA[]]></system-err>
</testsuite>
