<?xml version="1.0" encoding="UTF-8"?>
<testsuite name="io.proximax.sdk.model.namespace.NamespaceIdTest" tests="4" skipped="0" failures="0" errors="0" timestamp="2022-01-19T12:20:15" hostname="LAPTOP-A5KJ7JLN" time="0.003">
  <properties/>
  <testcase name="createANamespaceIdFromIdViaConstructor()" classname="io.proximax.sdk.model.namespace.NamespaceIdTest" time="0.0"/>
  <testcase name="shouldCompareNamespaceIdsForEquality()" classname="io.proximax.sdk.model.namespace.NamespaceIdTest" time="0.0"/>
  <testcase name="createANamespaceIdFromRootNamespaceNameViaConstructor()" classname="io.proximax.sdk.model.namespace.NamespaceIdTest" time="0.001"/>
  <testcase name="createANamespaceIdFromSubNamespaceNameViaConstructor()" classname="io.proximax.sdk.model.namespace.NamespaceIdTest" time="0.001"/>
  <system-out><![CDATA[]]></system-out>
  <system-err><![CDATA[]]></system-err>
</testsuite>
