<?xml version="1.0" encoding="UTF-8"?>
<testsuite name="io.proximax.core.math.MatrixElementTest" tests="3" skipped="0" failures="0" errors="0" timestamp="2022-01-19T12:20:11" hostname="LAPTOP-A5KJ7JLN" time="0.002">
  <properties/>
  <testcase name="equalsOnlyReturnsTrueForEquivalentObjects()" classname="io.proximax.core.math.MatrixElementTest" time="0.0"/>
  <testcase name="canCreateMatrixElement()" classname="io.proximax.core.math.MatrixElementTest" time="0.0"/>
  <testcase name="hashCodesAreEqualForEquivalentObjects()" classname="io.proximax.core.math.MatrixElementTest" time="0.0"/>
  <system-out><![CDATA[]]></system-out>
  <system-err><![CDATA[]]></system-err>
</testsuite>
