<?xml version="1.0" encoding="UTF-8"?>
<testsuite name="io.proximax.sdk.infrastructure.TransactionQueryParamTest" tests="2" skipped="0" failures="0" errors="0" timestamp="2022-01-19T12:20:13" hostname="LAPTOP-A5KJ7JLN" time="0.066">
  <properties/>
  <testcase name="urlIsOK()" classname="io.proximax.sdk.infrastructure.TransactionQueryParamTest" time="0.064"/>
  <testcase name="shouldCreateTransactionQueryParamTestViaCostructor()" classname="io.proximax.sdk.infrastructure.TransactionQueryParamTest" time="0.002"/>
  <system-out><![CDATA[]]></system-out>
  <system-err><![CDATA[]]></system-err>
</testsuite>
