<?xml version="1.0" encoding="UTF-8"?>
<testsuite name="io.proximax.sdk.model.metadata.MetadataMapperTest" tests="1" skipped="0" failures="0" errors="0" timestamp="2022-01-19T12:20:14" hostname="LAPTOP-A5KJ7JLN" time="0.031">
  <properties/>
  <testcase name="test()" classname="io.proximax.sdk.model.metadata.MetadataMapperTest" time="0.031"/>
  <system-out><![CDATA[]]></system-out>
  <system-err><![CDATA[]]></system-err>
</testsuite>
