<?xml version="1.0" encoding="UTF-8"?>
<testsuite name="io.proximax.sdk.model.transaction.builder.ModifyMultisigAccountTransactionBuilderTest" tests="3" skipped="0" failures="0" errors="0" timestamp="2022-01-19T12:20:15" hostname="LAPTOP-A5KJ7JLN" time="0.005">
  <properties/>
  <testcase name="testEmpty()" classname="io.proximax.sdk.model.transaction.builder.ModifyMultisigAccountTransactionBuilderTest" time="0.003"/>
  <testcase name="testMods()" classname="io.proximax.sdk.model.transaction.builder.ModifyMultisigAccountTransactionBuilderTest" time="0.0"/>
  <testcase name="testMinAppRem()" classname="io.proximax.sdk.model.transaction.builder.ModifyMultisigAccountTransactionBuilderTest" time="0.0"/>
  <system-out><![CDATA[]]></system-out>
  <system-err><![CDATA[]]></system-err>
</testsuite>
