<?xml version="1.0" encoding="UTF-8"?>
<testsuite name="io.proximax.sdk.utils.dto.TransactionMappingUtilsTest" tests="6" skipped="0" failures="0" errors="0" timestamp="2022-01-19T12:20:16" hostname="LAPTOP-A5KJ7JLN" time="0.007">
  <properties/>
  <testcase name="testPlainFeeExtraction()" classname="io.proximax.sdk.utils.dto.TransactionMappingUtilsTest" time="0.0"/>
  <testcase name="testExtractVersion()" classname="io.proximax.sdk.utils.dto.TransactionMappingUtilsTest" time="0.0"/>
  <testcase name="testPlainMaxFeeExtraction()" classname="io.proximax.sdk.utils.dto.TransactionMappingUtilsTest" time="0.001"/>
  <testcase name="testFeeExtraction()" classname="io.proximax.sdk.utils.dto.TransactionMappingUtilsTest" time="0.004"/>
  <testcase name="serializeVersion()" classname="io.proximax.sdk.utils.dto.TransactionMappingUtilsTest" time="0.001"/>
  <testcase name="testMaxFeeExtraction()" classname="io.proximax.sdk.utils.dto.TransactionMappingUtilsTest" time="0.0"/>
  <system-out><![CDATA[]]></system-out>
  <system-err><![CDATA[]]></system-err>
</testsuite>
