<?xml version="1.0" encoding="UTF-8"?>
<testsuite name="io.proximax.core.crypto.ed25519.arithmetic.Ed25519EncodedGroupElementTest" tests="10" skipped="0" failures="0" errors="0" timestamp="2022-01-19T12:20:04" hostname="LAPTOP-A5KJ7JLN" time="0.403">
  <properties/>
  <testcase name="canBeCreatedFromByteArray()" classname="io.proximax.core.crypto.ed25519.arithmetic.Ed25519EncodedGroupElementTest" time="0.0"/>
  <testcase name="cannotBeCreatedFromArrayWithIncorrectLength()" classname="io.proximax.core.crypto.ed25519.arithmetic.Ed25519EncodedGroupElementTest" time="0.002"/>
  <testcase name="getRawReturnsUnderlyingArray()" classname="io.proximax.core.crypto.ed25519.arithmetic.Ed25519EncodedGroupElementTest" time="0.001"/>
  <testcase name="getAffineYReturnsExpectedResult()" classname="io.proximax.core.crypto.ed25519.arithmetic.Ed25519EncodedGroupElementTest" time="0.171"/>
  <testcase name="toStringReturnsCorrectRepresentation()" classname="io.proximax.core.crypto.ed25519.arithmetic.Ed25519EncodedGroupElementTest" time="0.001"/>
  <testcase name="getAffineXThrowsIfEncodedGroupElementIsInvalid()" classname="io.proximax.core.crypto.ed25519.arithmetic.Ed25519EncodedGroupElementTest" time="0.002"/>
  <testcase name="equalsOnlyReturnsTrueForEquivalentObjects()" classname="io.proximax.core.crypto.ed25519.arithmetic.Ed25519EncodedGroupElementTest" time="0.001"/>
  <testcase name="hashCodesAreEqualForEquivalentObjects()" classname="io.proximax.core.crypto.ed25519.arithmetic.Ed25519EncodedGroupElementTest" time="0.001"/>
  <testcase name="getAffineXReturnsExpectedResult()" classname="io.proximax.core.crypto.ed25519.arithmetic.Ed25519EncodedGroupElementTest" time="0.125"/>
  <testcase name="decodePlusEncodeDoesNotAlterTheEncodedGroupElement()" classname="io.proximax.core.crypto.ed25519.arithmetic.Ed25519EncodedGroupElementTest" time="0.091"/>
  <system-out><![CDATA[]]></system-out>
  <system-err><![CDATA[]]></system-err>
</testsuite>
