<?xml version="1.0" encoding="UTF-8"?>
<testsuite name="io.proximax.core.utils.HexEncoderTest" tests="6" skipped="0" failures="0" errors="0" timestamp="2022-01-19T12:20:12" hostname="LAPTOP-A5KJ7JLN" time="0.001">
  <properties/>
  <testcase name="getStringCanConvertBytesWithLeadingZerosToHexString()" classname="io.proximax.core.utils.HexEncoderTest" time="0.0"/>
  <testcase name="getBytesCanConvertValidStringWithOddLengthToByteArray()" classname="io.proximax.core.utils.HexEncoderTest" time="0.0"/>
  <testcase name="getBytesCanConvertValidStringWithLeadingZerosToByteArray()" classname="io.proximax.core.utils.HexEncoderTest" time="0.001"/>
  <testcase name="getStringCanConvertBytesToHexString()" classname="io.proximax.core.utils.HexEncoderTest" time="0.0"/>
  <testcase name="getBytesCanConvertValidStringToByteArray()" classname="io.proximax.core.utils.HexEncoderTest" time="0.0"/>
  <testcase name="getStringOfGivenLength()" classname="io.proximax.core.utils.HexEncoderTest" time="0.0"/>
  <system-out><![CDATA[]]></system-out>
  <system-err><![CDATA[]]></system-err>
</testsuite>
