<?xml version="1.0" encoding="UTF-8"?>
<testsuite name="io.proximax.core.utils.SetOnceTest" tests="4" skipped="0" failures="0" errors="0" timestamp="2022-01-19T12:20:12" hostname="LAPTOP-A5KJ7JLN" time="0.002">
  <properties/>
  <testcase name="defaultValueCanBeReset()" classname="io.proximax.core.utils.SetOnceTest" time="0.001"/>
  <testcase name="defaultValueCannotBeChangedAfterBeingSet()" classname="io.proximax.core.utils.SetOnceTest" time="0.0"/>
  <testcase name="defaultValueIsConstructorParameter()" classname="io.proximax.core.utils.SetOnceTest" time="0.0"/>
  <testcase name="defaultValueCanBeChangedToCustomValue()" classname="io.proximax.core.utils.SetOnceTest" time="0.0"/>
  <system-out><![CDATA[]]></system-out>
  <system-err><![CDATA[]]></system-err>
</testsuite>
