<?xml version="1.0" encoding="UTF-8"?>
<testsuite name="io.proximax.sdk.model.mosaic.MosaicNonceTest" tests="8" skipped="0" failures="0" errors="0" timestamp="2022-01-19T12:20:15" hostname="LAPTOP-A5KJ7JLN" time="0.025">
  <properties/>
  <testcase name="keepsValue()" classname="io.proximax.sdk.model.mosaic.MosaicNonceTest" time="0.0"/>
  <testcase name="invalidNonces()" classname="io.proximax.sdk.model.mosaic.MosaicNonceTest" time="0.001"/>
  <testcase name="getInt()" classname="io.proximax.sdk.model.mosaic.MosaicNonceTest" time="0.0"/>
  <testcase name="standardToString()" classname="io.proximax.sdk.model.mosaic.MosaicNonceTest" time="0.005"/>
  <testcase name="fromHex()" classname="io.proximax.sdk.model.mosaic.MosaicNonceTest" time="0.002"/>
  <testcase name="getRandom()" classname="io.proximax.sdk.model.mosaic.MosaicNonceTest" time="0.013"/>
  <testcase name="equalityContract()" classname="io.proximax.sdk.model.mosaic.MosaicNonceTest" time="0.001"/>
  <testcase name="fromBigInt()" classname="io.proximax.sdk.model.mosaic.MosaicNonceTest" time="0.0"/>
  <system-out><![CDATA[]]></system-out>
  <system-err><![CDATA[]]></system-err>
</testsuite>
