<?xml version="1.0" encoding="UTF-8"?>
<testsuite name="io.proximax.sdk.model.mosaic.MosaicNameTest" tests="2" skipped="0" failures="0" errors="0" timestamp="2022-01-19T12:20:15" hostname="LAPTOP-A5KJ7JLN" time="0.006">
  <properties/>
  <testcase name="createAMosaicName()" classname="io.proximax.sdk.model.mosaic.MosaicNameTest" time="0.001"/>
  <testcase name="validateMapper()" classname="io.proximax.sdk.model.mosaic.MosaicNameTest" time="0.004"/>
  <system-out><![CDATA[]]></system-out>
  <system-err><![CDATA[]]></system-err>
</testsuite>
