<?xml version="1.0" encoding="UTF-8"?>
<testsuite name="io.proximax.core.crypto.PrivateKeyTest" tests="11" skipped="0" failures="0" errors="0" timestamp="2022-01-19T12:20:11" hostname="LAPTOP-A5KJ7JLN" time="0.072">
  <properties/>
  <testcase name="canCreateFromNegativeHexString()" classname="io.proximax.core.crypto.PrivateKeyTest" time="0.0"/>
  <testcase name="canCreateFromOddLengthHexString()" classname="io.proximax.core.crypto.PrivateKeyTest" time="0.005"/>
  <testcase name="cannotCreateAroundMalformedDecimalString()" classname="io.proximax.core.crypto.PrivateKeyTest" time="0.002"/>
  <testcase name="canCreateFromDecimalString()" classname="io.proximax.core.crypto.PrivateKeyTest" time="0.0"/>
  <testcase name="canCreateFromHexString()" classname="io.proximax.core.crypto.PrivateKeyTest" time="0.0"/>
  <testcase name="equalsOnlyReturnsTrueForEquivalentObjects()" classname="io.proximax.core.crypto.PrivateKeyTest" time="0.0"/>
  <testcase name="canCreateFromBigInteger()" classname="io.proximax.core.crypto.PrivateKeyTest" time="0.001"/>
  <testcase name="canCreateFromNegativeDecimalString()" classname="io.proximax.core.crypto.PrivateKeyTest" time="0.0"/>
  <testcase name="cannotCreateAroundMalformedHexString()" classname="io.proximax.core.crypto.PrivateKeyTest" time="0.002"/>
  <testcase name="toStringReturnsHexRepresentation()" classname="io.proximax.core.crypto.PrivateKeyTest" time="0.056"/>
  <testcase name="hashCodesAreEqualForEquivalentObjects()" classname="io.proximax.core.crypto.PrivateKeyTest" time="0.001"/>
  <system-out><![CDATA[]]></system-out>
  <system-err><![CDATA[]]></system-err>
</testsuite>
