<?xml version="1.0" encoding="UTF-8"?>
<testsuite name="io.proximax.sdk.model.mosaic.NetworkCurrencyMosaicTest" tests="5" skipped="0" failures="0" errors="0" timestamp="2022-01-19T12:20:15" hostname="LAPTOP-A5KJ7JLN" time="0.004">
  <properties/>
  <testcase name="shouldCreateViaConstructor()" classname="io.proximax.sdk.model.mosaic.NetworkCurrencyMosaicTest" time="0.001"/>
  <testcase name="testConstants()" classname="io.proximax.sdk.model.mosaic.NetworkCurrencyMosaicTest" time="0.001"/>
  <testcase name="createRelativeDecimalWhole()" classname="io.proximax.sdk.model.mosaic.NetworkCurrencyMosaicTest" time="0.0"/>
  <testcase name="shouldCreateAbsolute()" classname="io.proximax.sdk.model.mosaic.NetworkCurrencyMosaicTest" time="0.0"/>
  <testcase name="createRelativeDecimal()" classname="io.proximax.sdk.model.mosaic.NetworkCurrencyMosaicTest" time="0.001"/>
  <system-out><![CDATA[]]></system-out>
  <system-err><![CDATA[]]></system-err>
</testsuite>
