<?xml version="1.0" encoding="UTF-8"?>
<testsuite name="io.proximax.sdk.model.account.MultisigAccountInfoTest" tests="10" skipped="0" failures="0" errors="0" timestamp="2022-01-19T12:20:14" hostname="LAPTOP-A5KJ7JLN" time="0.027">
  <properties/>
  <testcase name="isMultisigShouldReturnTrueWhenMinRemovalDifferentTo0()" classname="io.proximax.sdk.model.account.MultisigAccountInfoTest" time="0.001"/>
  <testcase name="returnCosignersList()" classname="io.proximax.sdk.model.account.MultisigAccountInfoTest" time="0.001"/>
  <testcase name="isCosignatoryShouldReturnFalseWhenTheAccountIsNotInTHeCosignatoriesList()" classname="io.proximax.sdk.model.account.MultisigAccountInfoTest" time="0.001"/>
  <testcase name="isCosignerOfMultisigAccountShouldReturnTrueWhenItContainsThatAccountInMultisigList()" classname="io.proximax.sdk.model.account.MultisigAccountInfoTest" time="0.001"/>
  <testcase name="isMultisigShouldReturnFalseWhenMinRemovalAndMinApprovalEqualsTo0()" classname="io.proximax.sdk.model.account.MultisigAccountInfoTest" time="0.004"/>
  <testcase name="isCosignerShouldReturnTrueWhenTheAccountIsInTheCosignatoriesList()" classname="io.proximax.sdk.model.account.MultisigAccountInfoTest" time="0.001"/>
  <testcase name="shouldBeCreated()" classname="io.proximax.sdk.model.account.MultisigAccountInfoTest" time="0.001"/>
  <testcase name="isMultisigShouldReturnTrueWhenMinApprovalDifferentTo0()" classname="io.proximax.sdk.model.account.MultisigAccountInfoTest" time="0.0"/>
  <testcase name="returnMultisigList()" classname="io.proximax.sdk.model.account.MultisigAccountInfoTest" time="0.0"/>
  <testcase name="isCosignerOfMultisigAccountShouldReturnFalseWhenItDoesNotContainsThatAccountInMultisigList()" classname="io.proximax.sdk.model.account.MultisigAccountInfoTest" time="0.0"/>
  <system-out><![CDATA[]]></system-out>
  <system-err><![CDATA[]]></system-err>
</testsuite>
