<?xml version="1.0" encoding="UTF-8"?>
<testsuite name="io.proximax.sdk.model.transaction.builder.ModifyAccountPropertyMosaicTransactionBuilderTest" tests="4" skipped="0" failures="0" errors="0" timestamp="2022-01-19T12:20:15" hostname="LAPTOP-A5KJ7JLN" time="0.005">
  <properties/>
  <testcase name="testAllowed()" classname="io.proximax.sdk.model.transaction.builder.ModifyAccountPropertyMosaicTransactionBuilderTest" time="0.002"/>
  <testcase name="testBlocked()" classname="io.proximax.sdk.model.transaction.builder.ModifyAccountPropertyMosaicTransactionBuilderTest" time="0.0"/>
  <testcase name="test()" classname="io.proximax.sdk.model.transaction.builder.ModifyAccountPropertyMosaicTransactionBuilderTest" time="0.0"/>
  <testcase name="checkBuilder()" classname="io.proximax.sdk.model.transaction.builder.ModifyAccountPropertyMosaicTransactionBuilderTest" time="0.001"/>
  <system-out><![CDATA[]]></system-out>
  <system-err><![CDATA[]]></system-err>
</testsuite>
